[INFO] 2019-05-03 23:08:46,659 >>	[S] main
[INFO] 2019-05-03 23:08:46,659 >>	[F] main :00:00:00
[INFO] 2019-05-03 23:21:07,595 >>	[S] main
[INFO] 2019-05-03 23:21:07,596 >>	[S] process
[INFO] 2019-05-03 23:21:07,596 >>	[F] process :00:00:00
[INFO] 2019-05-03 23:21:07,596 >>	[F] main :00:00:00
[INFO] 2019-05-03 23:23:36,880 >>	[S] main
[INFO] 2019-05-03 23:23:36,880 >>	[S] process
[INFO] 2019-05-03 23:23:36,880 >>	[F] process :00:00:00
[INFO] 2019-05-03 23:23:36,881 >>	[F] main :00:00:00
[INFO] 2019-05-04 01:02:04,218 >>	[S] main
[INFO] 2019-05-04 01:02:04,219 >>	[S] process
[INFO] 2019-05-04 01:02:04,219 >>	[F] process :00:00:00
[INFO] 2019-05-04 01:02:04,219 >>	[F] main :00:00:00
[INFO] 2019-05-04 01:04:48,663 >>	[S] main
[INFO] 2019-05-04 01:04:48,663 >>	[S] process
[INFO] 2019-05-04 01:04:48,664 >>	[F] process :00:00:00
[INFO] 2019-05-04 01:04:48,664 >>	[F] main :00:00:00
[INFO] 2019-05-04 01:05:05,281 >>	[S] main
[INFO] 2019-05-04 01:05:05,282 >>	[S] process
[INFO] 2019-05-04 01:05:05,282 >>	[F] process :00:00:00
[INFO] 2019-05-04 01:05:05,282 >>	[F] main :00:00:00
[INFO] 2019-05-04 01:31:53,880 >>	[F] process :00:00:00
[INFO] 2019-05-04 01:31:53,881 >>	[F] main :00:00:00
[INFO] 2019-05-04 01:32:46,553 >>	[S] main
[INFO] 2019-05-04 01:32:46,554 >>	[S] process
[INFO] 2019-05-04 01:32:46,554 >>	[F] process :00:00:00
[INFO] 2019-05-04 01:32:46,555 >>	[F] main :00:00:00
[INFO] 2019-05-04 02:03:23,276 >>	[S] main
[INFO] 2019-05-04 02:03:23,277 >>	[S] process
[INFO] 2019-05-04 02:03:23,278 >>	[F] process :00:00:00
[INFO] 2019-05-04 02:03:23,279 >>	[F] main :00:00:00
[INFO] 2019-05-04 02:05:04,536 >>	[S] main
[INFO] 2019-05-04 02:05:04,537 >>	[S] process
[INFO] 2019-05-04 02:05:04,538 >>	[F] process :00:00:00
[INFO] 2019-05-04 02:05:04,539 >>	[F] main :00:00:00
[INFO] 2019-05-04 02:07:49,374 >>	[S] main
[INFO] 2019-05-04 02:07:49,375 >>	[S] process
[INFO] 2019-05-04 02:07:49,376 >>	[F] process :00:00:00
[INFO] 2019-05-04 02:07:49,377 >>	[F] main :00:00:00
[INFO] 2019-05-04 02:31:19,656 >>	[S] main
[INFO] 2019-05-04 02:31:19,657 >>	[S] process
[INFO] 2019-05-04 02:31:48,750 >>	[S] main
[INFO] 2019-05-04 02:31:48,751 >>	[S] process
[INFO] 2019-05-04 02:32:08,872 >>	[S] main
[INFO] 2019-05-04 02:32:08,872 >>	[S] process
[INFO] 2019-05-04 02:32:43,632 >>	[S] main
[INFO] 2019-05-04 02:32:43,633 >>	[S] process
[INFO] 2019-05-04 02:32:43,635 >>	[F] process :00:00:00
[INFO] 2019-05-04 02:32:43,636 >>	[F] main :00:00:00
[INFO] 2019-05-04 02:38:34,127 >>	[S] main
[INFO] 2019-05-04 02:38:34,128 >>	[S] process
[INFO] 2019-05-04 02:38:34,129 >>	[F] process :00:00:00
[INFO] 2019-05-04 02:38:34,130 >>	[F] main :00:00:00
[INFO] 2019-05-04 02:40:24,219 >>	[S] main
[INFO] 2019-05-04 02:40:24,219 >>	[S] process
[INFO] 2019-05-04 02:40:24,221 >>	[F] process :00:00:00
[INFO] 2019-05-04 02:40:24,221 >>	[F] main :00:00:00
[INFO] 2019-05-04 02:40:47,904 >>	[S] main
[INFO] 2019-05-04 02:40:47,905 >>	[S] Processor.process
[INFO] 2019-05-04 02:40:47,906 >>	[F] Processor.process :00:00:00
[INFO] 2019-05-04 02:40:47,907 >>	[F] main :00:00:00
[INFO] 2019-05-04 02:46:33,491 >>	[S] main
[INFO] 2019-05-04 02:46:33,493 >>	[F] main :00:00:00
